Traceback (most recent call last):
  File "/opt/anaconda3/lib/python3.11/site-packages/jupyter_cache/executors/utils.py", line 58, in single_nb_execution
    executenb(
  File "/opt/anaconda3/lib/python3.11/site-packages/nbclient/client.py", line 1305, in execute
    return NotebookClient(nb=nb, resources=resources, km=km, **kwargs).execute()
           ^^^^^^^^^^^^^^^^^^^^^^^^^^^^^^^^^^^^^^^^^^^^^^^^^^^^^^^^^^^^^^^^^^^^^
  File "/opt/anaconda3/lib/python3.11/site-packages/jupyter_core/utils/__init__.py", line 173, in wrapped
    return loop.run_until_complete(inner)
           ^^^^^^^^^^^^^^^^^^^^^^^^^^^^^^
  File "/opt/anaconda3/lib/python3.11/asyncio/base_events.py", line 653, in run_until_complete
    return future.result()
           ^^^^^^^^^^^^^^^
  File "/opt/anaconda3/lib/python3.11/site-packages/nbclient/client.py", line 705, in async_execute
    await self.async_execute_cell(
  File "/opt/anaconda3/lib/python3.11/site-packages/nbclient/client.py", line 1058, in async_execute_cell
    await self._check_raise_for_error(cell, cell_index, exec_reply)
  File "/opt/anaconda3/lib/python3.11/site-packages/nbclient/client.py", line 914, in _check_raise_for_error
    raise CellExecutionError.from_cell_and_msg(cell, exec_reply_content)
nbclient.exceptions.CellExecutionError: An error occurred while executing the following cell:
------------------
import matplotlib.pyplot as plt
import numpy as np

# Define the number of sides
n = 5

# Define the radius
r = 1

# Define the angles, starting from -pi/2 to make the pentagon symmetric around the y-axis
angles = np.linspace(-np.pi/2, 3*np.pi/2, n+1, endpoint=True)

# Define the x and y coordinates
x = r * np.cos(angles)
y = r * np.sin(angles)

# Create a plot
plt.figure(figsize=(5,5))
plt.plot(x, y)

plt.plot([-1, 1], [.5, -0.25])
plt.plot([-1, 1], [-.5, 0.25])
plt.plot([-1, 1], [-.75, -0.75])
plt.plot([-1, -.5], [.75, -1])
plt.plot([.25,1], [-1, .5])

plt.scatter(-.94,-.30, color = pastel_palette[3], s=100, label = "ω_1")
plt.scatter(.94,-.30, color = pastel_palette[4], s=100, label = "ω_2")


plt.gca().invert_yaxis()

# Hide the x-axis and y-axis labels
plt.gca().set(xticklabels=[], yticklabels=[])


# Show the plot
plt.show()
------------------


[0;31m---------------------------------------------------------------------------[0m
[0;31mNameError[0m                                 Traceback (most recent call last)
Cell [0;32mIn[1], line 27[0m
[1;32m     24[0m plt[38;5;241m.[39mplot([[38;5;241m-[39m[38;5;241m1[39m, [38;5;241m-[39m[38;5;241m.5[39m], [[38;5;241m.75[39m, [38;5;241m-[39m[38;5;241m1[39m])
[1;32m     25[0m plt[38;5;241m.[39mplot([[38;5;241m.25[39m,[38;5;241m1[39m], [[38;5;241m-[39m[38;5;241m1[39m, [38;5;241m.5[39m])
[0;32m---> 27[0m plt[38;5;241m.[39mscatter([38;5;241m-[39m[38;5;241m.94[39m,[38;5;241m-[39m[38;5;241m.30[39m, color [38;5;241m=[39m pastel_palette[[38;5;241m3[39m], s[38;5;241m=[39m[38;5;241m100[39m, label [38;5;241m=[39m [38;5;124m"[39m[38;5;124mω_1[39m[38;5;124m"[39m)
[1;32m     28[0m plt[38;5;241m.[39mscatter([38;5;241m.94[39m,[38;5;241m-[39m[38;5;241m.30[39m, color [38;5;241m=[39m pastel_palette[[38;5;241m4[39m], s[38;5;241m=[39m[38;5;241m100[39m, label [38;5;241m=[39m [38;5;124m"[39m[38;5;124mω_2[39m[38;5;124m"[39m)
[1;32m     31[0m plt[38;5;241m.[39mgca()[38;5;241m.[39minvert_yaxis()

[0;31mNameError[0m: name 'pastel_palette' is not defined

